<?xml version="1.0" encoding="UTF-8"?>
<!-- Generated by org.testng.reporters.JUnitXMLReporter -->
<testsuite ignored="0" hostname="VSP-6HQD6Q3" failures="1" tests="1" name="Test" time="27.897" errors="0" timestamp="2023-06-26T11:34:55 IST">
  <testcase classname="testcases.TC_02_LoginTest" name="login" time="20.662">
    <failure type="java.lang.AssertionError" message="null">
      <![CDATA[java.lang.AssertionError: null
at testcases.TC_02_LoginTest.login(TC_02_LoginTest.java:33)
at java.base/java.util.ArrayList.forEach(ArrayList.java:1511)
... Removed 29 stack frames]]>
    </failure>
  </testcase> <!-- login -->
</testsuite> <!-- Test -->
