<?xml version="1.0" encoding="UTF-8"?>
<testng-results ignored="0" total="1" passed="1" failed="0" skipped="0">
  <reporter-output>
  </reporter-output>
  <suite started-at="2023-07-03T11:29:17 IST" name="Suite" finished-at="2023-07-03T11:29:40 IST" duration-ms="22206">
    <groups>
    </groups>
    <test started-at="2023-07-03T11:29:17 IST" name="Test" finished-at="2023-07-03T11:29:40 IST" duration-ms="22206">
      <class name="testcases.TC01_Registratio">
        <test-method is-config="true" signature="setup(java.lang.String)[pri:0, instance:testcases.TC01_Registratio@13e344d]" started-at="2023-07-03T11:29:18 IST" name="setup" finished-at="2023-07-03T11:29:28 IST" duration-ms="9914" status="PASS">
          <params>
            <param index="0">
              <value>
                <![CDATA[Chrome  ]]>
              </value>
            </param>
          </params>
          <reporter-output>
          </reporter-output>
        </test-method> <!-- setup -->
        <test-method signature="register()[pri:0, instance:testcases.TC01_Registratio@13e344d]" started-at="2023-07-03T11:29:28 IST" name="register" finished-at="2023-07-03T11:29:40 IST" duration-ms="12005" status="PASS">
          <reporter-output>
          </reporter-output>
        </test-method> <!-- register -->
      </class> <!-- testcases.TC01_Registratio -->
    </test> <!-- Test -->
  </suite> <!-- Suite -->
</testng-results>
